<?xml version="1.0" encoding="UTF-8"?>
<!-- Generated by org.testng.reporters.JUnitReportReporter -->
<testsuite hostname="DESKTOP-ALA29L7" failures="0" tests="1" name="testRunner.RunnerTest" time="87.011" errors="0" timestamp="2025-02-11T17:41:49 IST" skipped="0">
  <testcase classname="testRunner.RunnerTest" name="runScenario" time="87.011"/>
  <system-out/>
</testsuite> <!-- testRunner.RunnerTest -->
