<?xml version="1.0" encoding="UTF-8"?>
<!-- Generated by org.testng.reporters.JUnitReportReporter -->
<testsuite hostname="DESKTOP-ALA29L7" failures="0" tests="2" name="testRunner.RunnerTest" time="73.035" errors="0" timestamp="2025-02-21T18:14:22 IST" skipped="0">
  <testcase classname="testRunner.RunnerTest" name="runScenario" time="34.428"/>
  <system-out/>
  <testcase classname="testRunner.RunnerTest" name="runScenario" time="38.607"/>
  <system-out/>
</testsuite> <!-- testRunner.RunnerTest -->
