<?xml version="1.0" encoding="UTF-8"?>
<!-- Generated by org.testng.reporters.JUnitReportReporter -->
<testsuite hostname="DESKTOP-ALA29L7" failures="0" tests="3" name="testRunner.RunnerTest" time="73.413" errors="0" timestamp="2025-02-28T16:26:48 IST" skipped="0">
  <testcase classname="testRunner.RunnerTest" name="runScenario" time="17.341"/>
  <system-out/>
  <testcase classname="testRunner.RunnerTest" name="runScenario" time="29.591"/>
  <system-out/>
  <testcase classname="testRunner.RunnerTest" name="runScenario" time="26.481"/>
  <system-out/>
</testsuite> <!-- testRunner.RunnerTest -->
