<?xml version="1.0" encoding="UTF-8"?>
<!-- Generated by org.testng.reporters.JUnitReportReporter -->
<testsuite hostname="DESKTOP-ALA29L7" failures="0" tests="1" name="testRunner.RunnerTest" time="60.941" errors="0" timestamp="2025-02-14T16:58:44 IST" skipped="0">
  <testcase classname="testRunner.RunnerTest" name="runScenario" time="60.941"/>
  <system-out/>
</testsuite> <!-- testRunner.RunnerTest -->
